1630613336738	geckodriver	INFO	Listening on 127.0.0.1:57951
1630613339770	mozrunner::runner	INFO	Running command: "C:\\Program Files\\Mozilla Firefox\\firefox.exe" "--marionette" "-foreground" "-no-remote" "-profile" "C:\\Users\\Elit\\AppData\\Local\\Temp\\rust_mozprofileD79xIT"
1630613358259	geckodriver	INFO	Listening on 127.0.0.1:54549
1630613361250	mozrunner::runner	INFO	Running command: "C:\\Program Files\\Mozilla Firefox\\firefox.exe" "--marionette" "-foreground" "-no-remote" "-profile" "C:\\Users\\Elit\\AppData\\Local\\Temp\\rust_mozprofile6dMVPa"
1630613362047	Marionette	INFO	Marionette enabled
console.warn: SearchSettings: "get: No settings file exists, new profile?" (new NotFoundError("Could not open the file at C:\\Users\\Elit\\AppData\\Local\\Temp\\rust_mozprofile6dMVPa\\search.json.mozlz4", (void 0)))
1630613366645	Marionette	INFO	Listening on port 58728
1630613367011	RemoteAgent	WARN	TLS certificate errors will be ignored for this session
console.log: WebExtensions: reset-default-search: starting.
console.log: WebExtensions: reset-default-search: No addons in our list are installed.
1630613939827	Marionette	INFO	Stopped listening on port 58728
JavaScript error: resource:///modules/Interactions.jsm, line 209: NS_ERROR_FAILURE: Component returned failure code: 0x80004005 (NS_ERROR_FAILURE) [nsIUserIdleService.removeIdleObserver]
le?" (new NotFoundError("Could not open the file at C:\\Users\\Elit\\AppData\\Local\\Temp\\rust_mozprofileMntcOI\\search.json.mozlz4", (void 0)))
1630613393029	Marionette	INFO	Listening on port 63131
1630613393436	RemoteAgent	WARN	TLS certificate errors will be ignored for this session
console.log: WebExtensions: reset-default-search: starting.
console.log: WebExtensions: reset-default-search: No addons in our list are installed.
1630613941824	Marionette	INFO	Stopped listening on port 63131
JavaScript error: resource:///modules/Interactions.jsm, line 209: NS_ERROR_FAILURE: Component returned failure code: 0x80004005 (NS_ERROR_FAILURE) [nsIUserIdleService.removeIdleObserver]
le?" (new NotFoundError("Could not open the file at C:\\Users\\Elit\\AppData\\Local\\Temp\\rust_mozprofileTH70Dx\\search.json.mozlz4", (void 0)))
1630613601080	Marionette	INFO	Listening on port 64776
1630613601464	RemoteAgent	WARN	TLS certificate errors will be ignored for this session
1630613709830	Marionette	INFO	Stopped listening on port 64776
JavaScript error: resource:///modules/Interactions.jsm, line 209: NS_ERROR_FAILURE: Component returned failure code: 0x80004005 (NS_ERROR_FAILURE) [nsIUserIdleService.removeIdleObserver]

###!!! [Child][RunMessage] Error: Channel closing: too late to send/recv, messages will be lost

1630613888784	geckodriver	INFO	Listening on 127.0.0.1:61887
1630613891783	mozrunner::runner	INFO	Running command: "C:\\Program Files\\Mozilla Firefox\\firefox.exe" "--marionette" "-foreground" "-no-remote" "-profile" "C:\\Users\\Elit\\AppData\\Local\\Temp\\rust_mozprofilecdr8i7"
1630613892299	Marionette	INFO	Marionette enabled
console.warn: SearchSettings: "get: No settings file exists, new profile?" (new NotFoundError("Could not open the file at C:\\Users\\Elit\\AppData\\Local\\Temp\\rust_mozprofilecdr8i7\\search.json.mozlz4", (void 0)))
1630613895715	Marionette	INFO	Listening on port 50587
1630613896183	RemoteAgent	WARN	TLS certificate errors will be ignored for this session
1630613905952	Marionette	INFO	Stopped listening on port 50587
JavaScript error: resource:///modules/Interactions.jsm, line 209: NS_ERROR_FAILURE: Component returned failure code: 0x80004005 (NS_ERROR_FAILURE) [nsIUserIdleService.removeIdleObserver]
1630677194856	geckodriver	INFO	Listening on 127.0.0.1:60143
1630677197909	mozrunner::runner	INFO	Running command: "C:\\Program Files\\Mozilla Firefox\\firefox.exe" "--marionette" "-foreground" "-no-remote" "-profile" "C:\\Users\\Elit\\AppData\\Local\\Temp\\rust_mozprofilen204LS"
1630677199077	Marionette	INFO	Marionette enabled
console.warn: SearchSettings: "get: No settings file exists, new profile?" (new NotFoundError("Could not open the file at C:\\Users\\Elit\\AppData\\Local\\Temp\\rust_mozprofilen204LS\\search.json.mozlz4", (void 0)))
1630677202830	Marionette	INFO	Listening on port 50098
1630677202943	RemoteAgent	WARN	TLS certificate errors will be ignored for this session
1630677219202	Marionette	INFO	Stopped listening on port 50098
JavaScript error: resource:///modules/Interactions.jsm, line 209: NS_ERROR_FAILURE: Component returned failure code: 0x80004005 (NS_ERROR_FAILURE) [nsIUserIdleService.removeIdleObserver]
1630677294290	geckodriver	INFO	Listening on 127.0.0.1:51686
1630677297338	mozrunner::runner	INFO	Running command: "C:\\Program Files\\Mozilla Firefox\\firefox.exe" "--marionette" "-foreground" "-no-remote" "-profile" "C:\\Users\\Elit\\AppData\\Local\\Temp\\rust_mozprofileQifaHh"
1630677297918	Marionette	INFO	Marionette enabled
console.warn: SearchSettings: "get: No settings file exists, new profile?" (new NotFoundError("Could not open the file at C:\\Users\\Elit\\AppData\\Local\\Temp\\rust_mozprofileQifaHh\\search.json.mozlz4", (void 0)))
1630677300743	Marionette	INFO	Listening on port 62869
1630677301223	RemoteAgent	WARN	TLS certificate errors will be ignored for this session
1630677401744	Marionette	INFO	Stopped listening on port 62869
JavaScript error: resource:///modules/Interactions.jsm, line 209: NS_ERROR_FAILURE: Component returned failure code: 0x80004005 (NS_ERROR_FAILURE) [nsIUserIdleService.removeIdleObserver]
Temp\\rust_mozprofilegfSlmE"
1630677374765	Marionette	INFO	Marionette enabled
console.warn: SearchSettings: "get: No settings file exists, new profile?" (new NotFoundError("Could not open the file at C:\\Users\\Elit\\AppData\\Local\\Temp\\rust_mozprofilegfSlmE\\search.json.mozlz4", (void 0)))
1630677377790	Marionette	INFO	Listening on port 50944
1630677378184	RemoteAgent	WARN	TLS certificate errors will be ignored for this session
1630677399180	Marionette	INFO	Stopped listening on port 50944
JavaScript error: resource:///modules/Interactions.jsm, line 209: NS_ERROR_FAILURE: Component returned failure code: 0x80004005 (NS_ERROR_FAILURE) [nsIUserIdleService.removeIdleObserver]
1630678236766	geckodriver	INFO	Listening on 127.0.0.1:63601
1630678239790	mozrunner::runner	INFO	Running command: "C:\\Program Files\\Mozilla Firefox\\firefox.exe" "--marionette" "-foreground" "-no-remote" "-profile" "C:\\Users\\Elit\\AppData\\Local\\Temp\\rust_mozprofilenm6mGQ"
1630678240356	Marionette	INFO	Marionette enabled
console.warn: SearchSettings: "get: No settings file exists, new profile?" (new NotFoundError("Could not open the file at C:\\Users\\Elit\\AppData\\Local\\Temp\\rust_mozprofilenm6mGQ\\search.json.mozlz4", (void 0)))
1630678243327	Marionette	INFO	Listening on port 64574
1630678243631	RemoteAgent	WARN	TLS certificate errors will be ignored for this session
1630678276856	Marionette	INFO	Stopped listening on port 64574
JavaScript error: resource:///modules/Interactions.jsm, line 209: NS_ERROR_FAILURE: Component returned failure code: 0x80004005 (NS_ERROR_FAILURE) [nsIUserIdleService.removeIdleObserver]

###!!! [Child][MessageChannel] Error: (msgtype=0x690023,name=PNecko::Msg_RemoveRequestContext) Channel closing: too late to send/recv, messages will be lost

1630678420827	geckodriver	INFO	Listening on 127.0.0.1:64016
1630678423897	mozrunner::runner	INFO	Running command: "C:\\Program Files\\Mozilla Firefox\\firefox.exe" "--marionette" "-foreground" "-no-remote" "-profile" "C:\\Users\\Elit\\AppData\\Local\\Temp\\rust_mozprofilePJi3kb"
1630678424456	Marionette	INFO	Marionette enabled
console.warn: SearchSettings: "get: No settings file exists, new profile?" (new NotFoundError("Could not open the file at C:\\Users\\Elit\\AppData\\Local\\Temp\\rust_mozprofilePJi3kb\\search.json.mozlz4", (void 0)))
1630678427425	Marionette	INFO	Listening on port 65162
1630678427769	RemoteAgent	WARN	TLS certificate errors will be ignored for this session
SourceActor threw an exception: [Exception... "Component returned failure code: 0x80470002 (NS_BASE_STREAM_CLOSED) [nsIInputStream.available]"  nsresult: "0x80470002 (NS_BASE_STREAM_CLOSED)"  location: "JS frame :: resource://devtools/shared/DevToolsUtils.js :: onResponse :: line 567"  data: no]
Stack: onResponse@resource://devtools/shared/DevToolsUtils.js:567:34
onStopRequest@resource://gre/modules/NetUtil.jsm:128:18
Line: 567, column: 0
console.error: ({})
JavaScript error: resource://devtools/shared/DevToolsUtils.js, line 567: NS_BASE_STREAM_CLOSED: Component returned failure code: 0x80470002 (NS_BASE_STREAM_CLOSED) [nsIInputStream.available]
1630678484219	Marionette	INFO	Stopped listening on port 65162
JavaScript error: resource:///modules/Interactions.jsm, line 209: NS_ERROR_FAILURE: Component returned failure code: 0x80004005 (NS_ERROR_FAILURE) [nsIUserIdleService.removeIdleObserver]
1630678487221	geckodriver	INFO	Listening on 127.0.0.1:49568
1630678490257	mozrunner::runner	INFO	Running command: "C:\\Program Files\\Mozilla Firefox\\firefox.exe" "--marionette" "-foreground" "-no-remote" "-profile" "C:\\Users\\Elit\\AppData\\Local\\Temp\\rust_mozprofileYH91by"
1630678490785	Marionette	INFO	Marionette enabled
console.warn: SearchSettings: "get: No settings file exists, new profile?" (new NotFoundError("Could not open the file at C:\\Users\\Elit\\AppData\\Local\\Temp\\rust_mozprofileYH91by\\search.json.mozlz4", (void 0)))
1630678493430	Marionette	INFO	Listening on port 62105
1630678493550	RemoteAgent	WARN	TLS certificate errors will be ignored for this session

###!!! [Child][MessageChannel] Error: (msgtype=0x690023,name=PNecko::Msg_RemoveRequestContext) Channel closing: too late to send/recv, messages will be lost

1630678519791	Marionette	INFO	Stopped listening on port 62105
JavaScript error: resource:///modules/Interactions.jsm, line 209: NS_ERROR_FAILURE: Component returned failure code: 0x80004005 (NS_ERROR_FAILURE) [nsIUserIdleService.removeIdleObserver]
1630687897696	geckodriver	INFO	Listening on 127.0.0.1:63681
1630687900729	mozrunner::runner	INFO	Running command: "C:\\Program Files\\Mozilla Firefox\\firefox.exe" "--marionette" "-foreground" "-no-remote" "-profile" "C:\\Users\\Elit\\AppData\\Local\\Temp\\rust_mozprofileeIE4bp"
1630687901451	Marionette	INFO	Marionette enabled
console.warn: SearchSettings: "get: No settings file exists, new profile?" (new NotFoundError("Could not open the file at C:\\Users\\Elit\\AppData\\Local\\Temp\\rust_mozprofileeIE4bp\\search.json.mozlz4", (void 0)))
1630687905118	Marionette	INFO	Listening on port 63995
1630687905203	RemoteAgent	WARN	TLS certificate errors will be ignored for this session
console.log: WebExtensions: reset-default-search: starting.
console.log: WebExtensions: reset-default-search: No addons in our list are installed.
1630691791247	Marionette	INFO	Stopped listening on port 63995
JavaScript error: resource:///modules/Interactions.jsm, line 209: NS_ERROR_FAILURE: Component returned failure code: 0x80004005 (NS_ERROR_FAILURE) [nsIUserIdleService.removeIdleObserver]

###!!! [Parent][RunMessage] Error: Channel closing: too late to send/recv, messages will be lost

filevzLOvx\\search.json.mozlz4", (void 0)))
1630688054818	Marionette	INFO	Listening on port 65207
1630688054874	RemoteAgent	WARN	TLS certificate errors will be ignored for this session
1630688089032	Marionette	INFO	Stopped listening on port 65207
JavaScript error: resource:///modules/Interactions.jsm, line 209: NS_ERROR_FAILURE: Component returned failure code: 0x80004005 (NS_ERROR_FAILURE) [nsIUserIdleService.removeIdleObserver]
1636220919489	geckodriver	INFO	Listening on 127.0.0.1:55378
