1630356311045	geckodriver	INFO	Listening on 127.0.0.1:64294
1630356314073	mozrunner::runner	INFO	Running command: "C:\\Program Files\\Mozilla Firefox\\firefox.exe" "--marionette" "-foreground" "-no-remote" "-profile" "C:\\Users\\Elit\\AppData\\Local\\Temp\\rust_mozprofile06oTsv"
1630356314822	Marionette	INFO	Marionette enabled
console.warn: SearchSettings: "get: No settings file exists, new profile?" (new NotFoundError("Could not open the file at C:\\Users\\Elit\\AppData\\Local\\Temp\\rust_mozprofile06oTsv\\search.json.mozlz4", (void 0)))
1630356318333	Marionette	INFO	Listening on port 60027
1630356318620	RemoteAgent	WARN	TLS certificate errors will be ignored for this session
1630356328438	Marionette	INFO	Stopped listening on port 60027
JavaScript error: resource:///modules/Interactions.jsm, line 209: NS_ERROR_FAILURE: Component returned failure code: 0x80004005 (NS_ERROR_FAILURE) [nsIUserIdleService.removeIdleObserver]
1630356348056	geckodriver	INFO	Listening on 127.0.0.1:64879
1630356351091	mozrunner::runner	INFO	Running command: "C:\\Program Files\\Mozilla Firefox\\firefox.exe" "--marionette" "-foreground" "-no-remote" "-profile" "C:\\Users\\Elit\\AppData\\Local\\Temp\\rust_mozprofileRKN8Wf"
1630356351631	Marionette	INFO	Marionette enabled
console.warn: SearchSettings: "get: No settings file exists, new profile?" (new NotFoundError("Could not open the file at C:\\Users\\Elit\\AppData\\Local\\Temp\\rust_mozprofileRKN8Wf\\search.json.mozlz4", (void 0)))
1630356354609	Marionette	INFO	Listening on port 55708
1630356355043	RemoteAgent	WARN	TLS certificate errors will be ignored for this session
1630356365180	Marionette	INFO	Stopped listening on port 55708
JavaScript error: resource:///modules/Interactions.jsm, line 209: NS_ERROR_FAILURE: Component returned failure code: 0x80004005 (NS_ERROR_FAILURE) [nsIUserIdleService.removeIdleObserver]
1630356447193	geckodriver	INFO	Listening on 127.0.0.1:55701
1630356450229	mozrunner::runner	INFO	Running command: "C:\\Program Files\\Mozilla Firefox\\firefox.exe" "--marionette" "-foreground" "-no-remote" "-profile" "C:\\Users\\Elit\\AppData\\Local\\Temp\\rust_mozprofilefQHmEg"
1630356450797	Marionette	INFO	Marionette enabled
console.warn: SearchSettings: "get: No settings file exists, new profile?" (new NotFoundError("Could not open the file at C:\\Users\\Elit\\AppData\\Local\\Temp\\rust_mozprofilefQHmEg\\search.json.mozlz4", (void 0)))
1630356453896	Marionette	INFO	Listening on port 62219
1630356454169	RemoteAgent	WARN	TLS certificate errors will be ignored for this session
1630356468842	Marionette	INFO	Stopped listening on port 62219
JavaScript error: resource:///modules/Interactions.jsm, line 209: NS_ERROR_FAILURE: Component returned failure code: 0x80004005 (NS_ERROR_FAILURE) [nsIUserIdleService.removeIdleObserver]
1630356479015	geckodriver	INFO	Listening on 127.0.0.1:50143
1630356482064	mozrunner::runner	INFO	Running command: "C:\\Program Files\\Mozilla Firefox\\firefox.exe" "--marionette" "-foreground" "-no-remote" "-profile" "C:\\Users\\Elit\\AppData\\Local\\Temp\\rust_mozprofileWFT9yz"
1630356482677	Marionette	INFO	Marionette enabled
console.warn: SearchSettings: "get: No settings file exists, new profile?" (new NotFoundError("Could not open the file at C:\\Users\\Elit\\AppData\\Local\\Temp\\rust_mozprofileWFT9yz\\search.json.mozlz4", (void 0)))
1630356485659	Marionette	INFO	Listening on port 50206
1630356485939	RemoteAgent	WARN	TLS certificate errors will be ignored for this session
1630356502435	Marionette	INFO	Stopped listening on port 50206
JavaScript error: resource:///modules/Interactions.jsm, line 209: NS_ERROR_FAILURE: Component returned failure code: 0x80004005 (NS_ERROR_FAILURE) [nsIUserIdleService.removeIdleObserver]
1630356510224	geckodriver	INFO	Listening on 127.0.0.1:55538
1630356513287	mozrunner::runner	INFO	Running command: "C:\\Program Files\\Mozilla Firefox\\firefox.exe" "--marionette" "-foreground" "-no-remote" "-profile" "C:\\Users\\Elit\\AppData\\Local\\Temp\\rust_mozprofileo4YnBr"
1630356513861	Marionette	INFO	Marionette enabled
console.warn: SearchSettings: "get: No settings file exists, new profile?" (new NotFoundError("Could not open the file at C:\\Users\\Elit\\AppData\\Local\\Temp\\rust_mozprofileo4YnBr\\search.json.mozlz4", (void 0)))
1630356516682	Marionette	INFO	Listening on port 52178
1630356517186	RemoteAgent	WARN	TLS certificate errors will be ignored for this session
1630356532151	Marionette	INFO	Stopped listening on port 52178
JavaScript error: resource:///modules/Interactions.jsm, line 209: NS_ERROR_FAILURE: Component returned failure code: 0x80004005 (NS_ERROR_FAILURE) [nsIUserIdleService.removeIdleObserver]
1630357091706	geckodriver	INFO	Listening on 127.0.0.1:51460
1630357094769	mozrunner::runner	INFO	Running command: "C:\\Program Files\\Mozilla Firefox\\firefox.exe" "--marionette" "-foreground" "-no-remote" "-profile" "C:\\Users\\Elit\\AppData\\Local\\Temp\\rust_mozprofileuAY6Ty"
1630357095367	Marionette	INFO	Marionette enabled
console.warn: SearchSettings: "get: No settings file exists, new profile?" (new NotFoundError("Could not open the file at C:\\Users\\Elit\\AppData\\Local\\Temp\\rust_mozprofileuAY6Ty\\search.json.mozlz4", (void 0)))
1630357098347	Marionette	INFO	Listening on port 63630
1630357098676	RemoteAgent	WARN	TLS certificate errors will be ignored for this session
1630357117268	Marionette	INFO	Stopped listening on port 63630
JavaScript error: resource:///modules/Interactions.jsm, line 209: NS_ERROR_FAILURE: Component returned failure code: 0x80004005 (NS_ERROR_FAILURE) [nsIUserIdleService.removeIdleObserver]
1630357252687	geckodriver	INFO	Listening on 127.0.0.1:62491
1630357255725	mozrunner::runner	INFO	Running command: "C:\\Program Files\\Mozilla Firefox\\firefox.exe" "--marionette" "-foreground" "-no-remote" "-profile" "C:\\Users\\Elit\\AppData\\Local\\Temp\\rust_mozprofile3sZExB"
1630357256397	Marionette	INFO	Marionette enabled
console.warn: SearchSettings: "get: No settings file exists, new profile?" (new NotFoundError("Could not open the file at C:\\Users\\Elit\\AppData\\Local\\Temp\\rust_mozprofile3sZExB\\search.json.mozlz4", (void 0)))
1630357259569	Marionette	INFO	Listening on port 64596
1630357260074	RemoteAgent	WARN	TLS certificate errors will be ignored for this session
1630357291770	Marionette	INFO	Stopped listening on port 64596
JavaScript error: resource:///modules/Interactions.jsm, line 209: NS_ERROR_FAILURE: Component returned failure code: 0x80004005 (NS_ERROR_FAILURE) [nsIUserIdleService.removeIdleObserver]

###!!! [Child][MessageChannel] Error: (msgtype=0x590008,name=PHttpChannel::Msg_DeletingChannel) Channel closing: too late to send/recv, messages will be lost

1630357609312	geckodriver	INFO	Listening on 127.0.0.1:61322
1630357612348	mozrunner::runner	INFO	Running command: "C:\\Program Files\\Mozilla Firefox\\firefox.exe" "--marionette" "-foreground" "-no-remote" "-profile" "C:\\Users\\Elit\\AppData\\Local\\Temp\\rust_mozprofileWBopfX"
1630357613009	Marionette	INFO	Marionette enabled
console.warn: SearchSettings: "get: No settings file exists, new profile?" (new NotFoundError("Could not open the file at C:\\Users\\Elit\\AppData\\Local\\Temp\\rust_mozprofileWBopfX\\search.json.mozlz4", (void 0)))
1630357616120	Marionette	INFO	Listening on port 49714
1630357616191	RemoteAgent	WARN	TLS certificate errors will be ignored for this session
1630357640129	Marionette	INFO	Stopped listening on port 49714
JavaScript error: resource:///modules/Interactions.jsm, line 209: NS_ERROR_FAILURE: Component returned failure code: 0x80004005 (NS_ERROR_FAILURE) [nsIUserIdleService.removeIdleObserver]
1630357648190	geckodriver	INFO	Listening on 127.0.0.1:62216
1630357651250	mozrunner::runner	INFO	Running command: "C:\\Program Files\\Mozilla Firefox\\firefox.exe" "--marionette" "-foreground" "-no-remote" "-profile" "C:\\Users\\Elit\\AppData\\Local\\Temp\\rust_mozprofile4FHEQW"
1630357651852	Marionette	INFO	Marionette enabled
console.warn: SearchSettings: "get: No settings file exists, new profile?" (new NotFoundError("Could not open the file at C:\\Users\\Elit\\AppData\\Local\\Temp\\rust_mozprofile4FHEQW\\search.json.mozlz4", (void 0)))
1630357654992	Marionette	INFO	Listening on port 50402
1630357655158	RemoteAgent	WARN	TLS certificate errors will be ignored for this session
console.warn: LoginRecipes: "getRecipes: falling back to a synchronous message for:" "https://twitter.com"
1630357827833	Marionette	INFO	Stopped listening on port 50402
console.error: PushServiceWebSocket: 
  _beginWSSetup: Not in shutdown state! Current state
  2
JavaScript error: resource:///modules/Interactions.jsm, line 209: NS_ERROR_FAILURE: Component returned failure code: 0x80004005 (NS_ERROR_FAILURE) [nsIUserIdleService.removeIdleObserver]

###!!! [Parent][MessageChannel] Error: (msgtype=0x390076,name=PContent::Msg_DestroyBrowsingContextGroup) Closed channel: cannot send/recv

st_mozprofileUPcade\\search.json.mozlz4", (void 0)))
1630357782896	Marionette	INFO	Listening on port 61466
1630357782950	RemoteAgent	WARN	TLS certificate errors will be ignored for this session
1630357799323	Marionette	INFO	Stopped listening on port 61466
JavaScript error: resource:///modules/Interactions.jsm, line 209: NS_ERROR_FAILURE: Component returned failure code: 0x80004005 (NS_ERROR_FAILURE) [nsIUserIdleService.removeIdleObserver]
1630357802751	geckodriver	INFO	Listening on 127.0.0.1:59504
1630357805791	mozrunner::runner	INFO	Running command: "C:\\Program Files\\Mozilla Firefox\\firefox.exe" "--marionette" "-foreground" "-no-remote" "-profile" "C:\\Users\\Elit\\AppData\\Local\\Temp\\rust_mozprofilei5RsW8"
1630357806256	Marionette	INFO	Marionette enabled
console.warn: SearchSettings: "get: No settings file exists, new profile?" (new NotFoundError("Could not open the file at C:\\Users\\Elit\\AppData\\Local\\Temp\\rust_mozprofilei5RsW8\\search.json.mozlz4", (void 0)))
1630357809573	Marionette	INFO	Listening on port 54077
1630357809742	RemoteAgent	WARN	TLS certificate errors will be ignored for this session
JavaScript error: https://abs.twimg.com/responsive-web/client-web/main.9d424085.js, line 1: ReferenceError: can't access lexical declaration 'xp' before initialization
1630357816739	Marionette	INFO	Stopped listening on port 54077
console.error: PushServiceWebSocket: 
  _beginWSSetup: Not in shutdown state! Current state
  2
JavaScript error: resource:///modules/Interactions.jsm, line 209: NS_ERROR_FAILURE: Component returned failure code: 0x80004005 (NS_ERROR_FAILURE) [nsIUserIdleService.removeIdleObserver]
1630357822794	geckodriver	INFO	Listening on 127.0.0.1:64764
1630357825833	mozrunner::runner	INFO	Running command: "C:\\Program Files\\Mozilla Firefox\\firefox.exe" "--marionette" "-foreground" "-no-remote" "-profile" "C:\\Users\\Elit\\AppData\\Local\\Temp\\rust_mozprofile01sOh9"
1630357826294	Marionette	INFO	Marionette enabled
console.warn: SearchSettings: "get: No settings file exists, new profile?" (new NotFoundError("Could not open the file at C:\\Users\\Elit\\AppData\\Local\\Temp\\rust_mozprofile01sOh9\\search.json.mozlz4", (void 0)))
1630357829821	Marionette	INFO	Listening on port 50223
1630357830292	RemoteAgent	WARN	TLS certificate errors will be ignored for this session
console.error: services.settings: 
  main/doh-providers Signature failed  InvalidSignatureError: Invalid content signature (main/doh-providers)
console.error: services.settings: 
  main/doh-providers local data was corrupted
console.warn: services.settings: main/doh-providers Signature verified failed. Retry from scratch
console.error: services.settings: 
  main/doh-config Signature failed  InvalidSignatureError: Invalid content signature (main/doh-config)
console.error: services.settings: 
  main/doh-config local data was corrupted
console.warn: services.settings: main/doh-config Signature verified failed. Retry from scratch
console.log: WebExtensions: reset-default-searconsole.error: services.settings: 
  main/doh-providers Signature failed  InvalidSignatureError: Invalconsole.warn: LoginRecipes: "getRecipes: falling back to a synchronous message for:" "https://twitter.com"
1630362079757	Marionette	INFO	Stopped listening on port 50223
JavaScript error: resource:///modules/Interactions.jsm, line 209: NS_ERROR_FAILURE: Component returned failure code: 0x80004005 (NS_ERROR_FAILURE) [nsIUserIdleService.removeIdleObserver]

###!!! [Parent][MessageChannel] Error: (msgtype=0x390076,name=PContent::Msg_DestroyBrowsingContextGroup) Closed channel: cannot send/recv

e verified failed. Retry from scratch
console.log: WebExtensions: reset-default-search: starting.
console.log: WebExtensions: reset-default-search: No addons in our list are installed.
console.warn: LoginRecipes: "getRecipes: falling back to a synchronous message for:" "https://twitter.com"
1630362079981	Marionette	INFO	Stopped listening on port 58583
JavaScript error: resource:///modules/Interactions.jsm, line 209: NS_ERROR_FAILURE: Component returned failure code: 0x80004005 (NS_ERROR_FAILURE) [nsIUserIdleService.removeIdleObserver]

###!!! [Child][MessageChannel] Error: (msgtype=0x690023,name=PNecko::Msg_RemoveRequestContext) Channel closing: too late to send/recv, messages will be lost


###!!! [Child][RunMessage] Error: Channel closing: too late to send/recv, messages will be lost


###!!! [Child][MessageChannel] Error: (msgtype=0x390140,name=PContent::Msg_ScriptError) Channel closing: too late to send/recv, messages will be lost


###!!! [Child][MessageChannel] Error: (msgtype=0x23002E,name=PBrowser::Msg___delete__) Channel closing: too late to send/recv, messages will be lost


###!!! [Parent][MessageChannel] Error: (msgtype=0x390076,name=PContent::Msg_DestroyBrowsingContextGroup) Closed channel: cannot send/recv

	INFO	Listening on 127.0.0.1:50012
1630361560609	mozrunner::runner	INFO	Running command: "C:\\Program Files\\Mozilla Firefox\\firefox.exe" "--marionette" "-foreground" "-no-remote" "-profile" "C:\\Users\\Elit\\AppData\\Local\\Temp\\rust_mozprofile5cODD0"
1630361561060	Marionette	INFO	Marionette enabled
console.warn: SearchSettings: "get: No settings file exists, new profile?" (new NotFoundError("Could not open the file at C:\\Users\\Elit\\AppData\\Local\\Temp\\rust_mozprofile5cODD0\\search.json.mozlz4", (void 0)))
1630361564069	Marionette	INFO	Listening on port 62221
1630361564512	RemoteAgent	WARN	TLS certificate errors will be ignored for this session
console.error: services.settings: 
  main/doh-providers Signature failed  InvalidSignatureError: Invalid content signature (main/doh-providers)
console.error: services.settings: 
  main/doh-providers local data was corrupted
console.warn: services.settings: main/doh-providers Signature verified failed. Retry from scratch
console.error: services.settings: 
  main/doh-config Signature failed  InvalidSignatureError: Invalid content signature (main/doh-config)
console.error: services.settings: 
  main/doh-config local data was corrupted
console.warn: services.settings: main/doh-config Signature verified failed. Retry from scratch
console.log: WebExtensions: reset-default-sear1630362079935	Marionette	INFO	Stopped listening on port 53270
JavaScript error: resource:///modules/Interactions.jsm, line 209: NS_ERROR_FAILURE: Component returned failure code: 0x80004005 (NS_ERROR_FAILURE) [nsIUserIdleService.removeIdleObserver]
omponent returned failure code: 0x80004005 (NS_ERROR_FAILURE) [nsIUserIdleService.removeIdleObserver]

###!!! [Parent][MessageChannel] Error: (msgtype=0x390076,name=PContent::Msg_DestroyBrowsingContextGroup) Closed channel: cannot send/recv


###!!! [Child][MessageChannel] Error: (msgtype=0x23002E,name=PBrowser::Msg___delete__) Channel closing: too late to send/recv, messages will be lost

rors will be ignored for this session
1630362077323	Marionette	INFO	Stopped listening on port 50352
JavaScript error: resource:///modules/Interactions.jsm, line 209: NS_ERROR_FAILURE: Component returned failure code: 0x80004005 (NS_ERROR_FAILURE) [nsIUserIdleService.removeIdleObserver]
1630362455149	geckodriver	INFO	Listening on 127.0.0.1:63283
1630362458202	mozrunner::runner	INFO	Running command: "C:\\Program Files\\Mozilla Firefox\\firefox.exe" "--marionette" "-foreground" "-no-remote" "-profile" "C:\\Users\\Elit\\AppData\\Local\\Temp\\rust_mozprofilehvkMZN"
1630362458748	Marionette	INFO	Marionette enabled
console.warn: SearchSettings: "get: No settings file exists, new profile?" (new NotFoundError("Could not open the file at C:\\Users\\Elit\\AppData\\Local\\Temp\\rust_mozprofilehvkMZN\\search.json.mozlz4", (void 0)))
1630362461609	Marionette	INFO	Listening on port 57003
1630362462097	RemoteAgent	WARN	TLS certificate errors will be ignored for this session
1630362504262	Marionette	INFO	Stopped listening on port 57003
JavaScript error: resource:///modules/Interactions.jsm, line 209: NS_ERROR_FAILURE: Component returned failure code: 0x80004005 (NS_ERROR_FAILURE) [nsIUserIdleService.removeIdleObserver]
1630362545360	geckodriver	INFO	Listening on 127.0.0.1:52675
1630362548381	mozrunner::runner	INFO	Running command: "C:\\Program Files\\Mozilla Firefox\\firefox.exe" "--marionette" "-foreground" "-no-remote" "-profile" "C:\\Users\\Elit\\AppData\\Local\\Temp\\rust_mozprofilexxDYiZ"
1630362548991	Marionette	INFO	Marionette enabled
console.warn: SearchSettings: "get: No settings file exists, new profile?" (new NotFoundError("Could not open the file at C:\\Users\\Elit\\AppData\\Local\\Temp\\rust_mozprofilexxDYiZ\\search.json.mozlz4", (void 0)))
1630362552149	Marionette	INFO	Listening on port 64849
1630362552279	RemoteAgent	WARN	TLS certificate errors will be ignored for this session
1630362582681	Marionette	INFO	Stopped listening on port 64849
JavaScript error: resource:///modules/Interactions.jsm, line 209: NS_ERROR_FAILURE: Component returned failure code: 0x80004005 (NS_ERROR_FAILURE) [nsIUserIdleService.removeIdleObserver]

###!!! [Parent][MessageChannel] Error: (msgtype=0x390076,name=PContent::Msg_DestroyBrowsingContextGroup) Closed channel: cannot send/recv


###!!! [Child][RunMessage] Error: Channel closing: too late to send/recv, messages will be lost


###!!! [Child][RunMessage] Error: Channel closing: too late to send/recv, messages will be lost


###!!! [Parent][RunMessage] Error: Channel closing: too late to send/recv, messages will be lost

1630604793664	geckodriver	INFO	Listening on 127.0.0.1:61510
1630604796685	mozrunner::runner	INFO	Running command: "C:\\Program Files\\Mozilla Firefox\\firefox.exe" "--marionette" "-foreground" "-no-remote" "-profile" "C:\\Users\\Elit\\AppData\\Local\\Temp\\rust_mozprofileuPDdPi"
1630604797997	Marionette	INFO	Marionette enabled
console.warn: SearchSettings: "get: No settings file exists, new profile?" (new NotFoundError("Could not open the file at C:\\Users\\Elit\\AppData\\Local\\Temp\\rust_mozprofileuPDdPi\\search.json.mozlz4", (void 0)))
1630604802013	Marionette	INFO	Listening on port 61518
1630604802214	RemoteAgent	WARN	TLS certificate errors will be ignored for this session
1630604928916	Marionette	INFO	Stopped listening on port 61518
JavaScript error: resource:///modules/Interactions.jsm, line 209: NS_ERROR_FAILURE: Component returned failure code: 0x80004005 (NS_ERROR_FAILURE) [nsIUserIdleService.removeIdleObserver]
1630605156374	geckodriver	INFO	Listening on 127.0.0.1:53018
1630605159421	mozrunner::runner	INFO	Running command: "C:\\Program Files\\Mozilla Firefox\\firefox.exe" "--marionette" "-foreground" "-no-remote" "-profile" "C:\\Users\\Elit\\AppData\\Local\\Temp\\rust_mozprofileCIsHAS"
1630605160015	Marionette	INFO	Marionette enabled
console.warn: SearchSettings: "get: No settings file exists, new profile?" (new NotFoundError("Could not open the file at C:\\Users\\Elit\\AppData\\Local\\Temp\\rust_mozprofileCIsHAS\\search.json.mozlz4", (void 0)))
1630605163435	Marionette	INFO	Listening on port 60321
1630605163829	RemoteAgent	WARN	TLS certificate errors will be ignored for this session
1630605219922	Marionette	INFO	Stopped listening on port 60321
JavaScript error: resource:///modules/Interactions.jsm, line 209: NS_ERROR_FAILURE: Component returned failure code: 0x80004005 (NS_ERROR_FAILURE) [nsIUserIdleService.removeIdleObserver]

###!!! [Parent][MessageChannel] Error: (msgtype=0x390076,name=PContent::Msg_DestroyBrowsingContextGroup) Closed channel: cannot send/recv


###!!! [Child][RunMessage] Error: Channel closing: too late to send/recv, messages will be lost


###!!! [Child][RunMessage] Error: Channel closing: too late to send/recv, messages will be lost

*** UTM:SVC TimerManager:registerTimer called after profile-before-change notification. Ignoring timer registration for id: telemetry_modules_ping
*** UTM:SVC TimerManager:registerTimer called after profile-before-change notification. Ignoring timer registration for id: telemetry_untrustedmodules_ping
1630609054078	geckodriver	INFO	Listening on 127.0.0.1:51193
1630609057126	mozrunner::runner	INFO	Running command: "C:\\Program Files\\Mozilla Firefox\\firefox.exe" "--marionette" "-foreground" "-no-remote" "-profile" "C:\\Users\\Elit\\AppData\\Local\\Temp\\rust_mozprofilepF3UUv"
1630609057876	Marionette	INFO	Marionette enabled
console.warn: SearchSettings: "get: No settings file exists, new profile?" (new NotFoundError("Could not open the file at C:\\Users\\Elit\\AppData\\Local\\Temp\\rust_mozprofilepF3UUv\\search.json.mozlz4", (void 0)))
1630609061334	Marionette	INFO	Listening on port 58286
1630609061488	RemoteAgent	WARN	TLS certificate errors will be ignored for this session
1630609100930	Marionette	INFO	Stopped listening on port 58286
JavaScript error: resource:///modules/Interactions.jsm, line 209: NS_ERROR_FAILURE: Component returned failure code: 0x80004005 (NS_ERROR_FAILURE) [nsIUserIdleService.removeIdleObserver]

###!!! [Child][MessageChannel] Error: (msgtype=0x690023,name=PNecko::Msg_RemoveRequestContext) Channel closing: too late to send/recv, messages will be lost


###!!! [Child][RunMessage] Error: Channel closing: too late to send/recv, messages will be lost

1630609259982	geckodriver	INFO	Listening on 127.0.0.1:61624
1630609263033	mozrunner::runner	INFO	Running command: "C:\\Program Files\\Mozilla Firefox\\firefox.exe" "--marionette" "-foreground" "-no-remote" "-profile" "C:\\Users\\Elit\\AppData\\Local\\Temp\\rust_mozprofile7HPRRp"
1630609263680	Marionette	INFO	Marionette enabled
console.warn: SearchSettings: "get: No settings file exists, new profile?" (new NotFoundError("Could not open the file at C:\\Users\\Elit\\AppData\\Local\\Temp\\rust_mozprofile7HPRRp\\search.json.mozlz4", (void 0)))
1630609266770	Marionette	INFO	Listening on port 64847
1630609266911	RemoteAgent	WARN	TLS certificate errors will be ignored for this session
1630609314779	Marionette	INFO	Stopped listening on port 64847
JavaScript error: resource:///modules/Interactions.jsm, line 209: NS_ERROR_FAILURE: Component returned failure code: 0x80004005 (NS_ERROR_FAILURE) [nsIUserIdleService.removeIdleObserver]

###!!! [Parent][MessageChannel] Error: (msgtype=0x390076,name=PContent::Msg_DestroyBrowsingContextGroup) Closed channel: cannot send/recv

1630609986868	geckodriver	INFO	Listening on 127.0.0.1:59910
1630609989898	mozrunner::runner	INFO	Running command: "C:\\Program Files\\Mozilla Firefox\\firefox.exe" "--marionette" "-foreground" "-no-remote" "-profile" "C:\\Users\\Elit\\AppData\\Local\\Temp\\rust_mozprofileMBlCP2"
1630609990495	Marionette	INFO	Marionette enabled
console.warn: SearchSettings: "get: No settings file exists, new profile?" (new NotFoundError("Could not open the file at C:\\Users\\Elit\\AppData\\Local\\Temp\\rust_mozprofileMBlCP2\\search.json.mozlz4", (void 0)))
1630609993712	Marionette	INFO	Listening on port 53419
1630609993817	RemoteAgent	WARN	TLS certificate errors will be ignored for this session
1630610042530	Marionette	INFO	Stopped listening on port 53419
JavaScript error: resource:///modules/Interactions.jsm, line 209: NS_ERROR_FAILURE: Component returned failure code: 0x80004005 (NS_ERROR_FAILURE) [nsIUserIdleService.removeIdleObserver]

###!!! [Parent][MessageChannel] Error: (msgtype=0x390076,name=PContent::Msg_DestroyBrowsingContextGroup) Closed channel: cannot send/recv


###!!! [Child][RunMessage] Error: Channel closing: too late to send/recv, messages will be lost


###!!! [Child][RunMessage] Error: Channel closing: too late to send/recv, messages will be lost

